\BOOKMARK [0][-]{chapter.1}{\376\377\000C\000a\000s\000e\000\040\000S\000t\000u\000d\000i\000e\000s}{}% 1
\BOOKMARK [1][-]{section.1.1}{\376\377\000K\000e\000y\000\040\000M\000a\000n\000a\000g\000e\000m\000e\000n\000t\000\040\000L\000a\000y\000e\000r}{chapter.1}% 2
\BOOKMARK [2][-]{subsection.1.1.1}{\376\377\000I\000n\000t\000r\000o\000d\000u\000c\000t\000i\000o\000n}{section.1.1}% 3
\BOOKMARK [2][-]{subsection.1.1.2}{\376\377\000N\000o\000t\000e\000s\000\040\000a\000n\000d\000\040\000c\000o\000n\000s\000i\000d\000e\000r\000a\000t\000i\000o\000n\000s}{section.1.1}% 4
\BOOKMARK [2][-]{subsection.1.1.3}{\376\377\000A\000r\000c\000h\000i\000t\000e\000c\000t\000u\000r\000e}{section.1.1}% 5
\BOOKMARK [2][-]{subsection.1.1.4}{\376\377\000K\000M\000S\000\040\000i\000n\000t\000e\000r\000f\000a\000c\000e\000\040\000t\000o\000\040\000t\000h\000e\000\040\000a\000p\000p\000s}{section.1.1}% 6
\BOOKMARK [2][-]{subsection.1.1.5}{\376\377\000S\000o\000u\000t\000h\000\040\000b\000o\000u\000n\000d\000\040\000i\000n\000t\000e\000r\000f\000a\000c\000e\000\040\000\050\000i\000n\000t\000e\000r\000f\000a\000c\000e\000\040\000t\000o\000\040\000t\000h\000e\000\040\000p\000h\000y\000s\000i\000c\000a\000l\000\040\000l\000a\000y\000e\000r\000\051}{section.1.1}% 7
\BOOKMARK [2][-]{subsection.1.1.6}{\376\377\000K\000M\000S\000\040\000i\000n\000t\000e\000r\000f\000a\000c\000e\000\040\000t\000o\000\040\000t\000h\000e\000\040\000S\000D\000N\000\040\000A\000g\000e\000n\000t\000\040\000a\000n\000d\000\040\000a\000p\000p\000\040\000r\000e\000g\000i\000s\000t\000r\000a\000t\000i\000o\000n}{section.1.1}% 8
\BOOKMARK [2][-]{subsection.1.1.7}{\376\377\000K\000e\000y\000\040\000s\000t\000o\000r\000a\000g\000e}{section.1.1}% 9
\BOOKMARK [2][-]{subsection.1.1.8}{\376\377\000K\000e\000y\000\040\000s\000y\000n\000c\000h\000r\000o\000n\000i\000z\000a\000t\000i\000o\000n}{section.1.1}% 10
\BOOKMARK [2][-]{subsection.1.1.9}{\376\377\000K\000e\000y\000\040\000r\000e\000l\000a\000y}{section.1.1}% 11
\BOOKMARK [2][-]{subsection.1.1.10}{\376\377\000C\000o\000m\000m\000u\000n\000i\000c\000a\000t\000i\000o\000n\000\040\000b\000e\000t\000w\000e\000e\000n\000\040\000K\000M\000S\000s}{section.1.1}% 12
\BOOKMARK [2][-]{subsection.1.1.11}{\376\377\000Q\000u\000a\000l\000i\000t\000y\000\040\000o\000f\000\040\000s\000e\000r\000v\000i\000c\000e\000\040\000p\000r\000o\000v\000i\000d\000i\000n\000g}{section.1.1}% 13
\BOOKMARK [2][-]{subsection.1.1.12}{\376\377\000A\000l\000g\000o\000r\000i\000t\000h\000m\000\040\000s\000e\000c\000u\000r\000i\000t\000y}{section.1.1}% 14
\BOOKMARK [3][-]{subsubsection.1.1.12.1}{\376\377\000A\000u\000t\000h\000e\000n\000t\000i\000c\000a\000t\000i\000o\000n\000\040\000a\000n\000d\000\040\000i\000n\000t\000e\000g\000r\000i\000t\000y}{subsection.1.1.12}% 15
\BOOKMARK [3][-]{subsubsection.1.1.12.2}{\376\377\000E\000n\000c\000r\000y\000p\000t\000i\000o\000n}{subsection.1.1.12}% 16
\BOOKMARK [2][-]{subsection.1.1.13}{\376\377\000S\000e\000q\000u\000e\000n\000c\000e\000\040\000D\000i\000a\000g\000r\000a\000m\000s}{section.1.1}% 17
\BOOKMARK [1][-]{section.1.2}{\376\377\000T\000w\000o\000\040\000n\000o\000d\000e\000\040\000b\000a\000s\000i\000c\000\040\000s\000c\000e\000n\000a\000r\000i\000o}{chapter.1}% 18
\BOOKMARK [2][-]{subsection.1.2.1}{\376\377\000R\000e\000f\000e\000r\000e\000n\000c\000e\000s}{section.1.2}% 19
\BOOKMARK [2][-]{Item.12}{\376\377\000B\000i\000b\000l\000i\000o\000g\000r\000a\000p\000h\000y}{section.1.2}% 20
\BOOKMARK [1][-]{section.1.3}{\376\377\000E\000T\000S\000I\000\040\000Q\000K\000D\000\040\0000\0000\0004}{chapter.1}% 21
\BOOKMARK [2][-]{subsection.1.3.1}{\376\377\000I\000n\000t\000r\000o\000d\000u\000c\000t\000i\000o\000n}{section.1.3}% 22
\BOOKMARK [2][-]{subsection.1.3.2}{\376\377\000K\000e\000y\000\040\000M\000a\000n\000a\000g\000e\000m\000e\000n\000t\000\040\000L\000a\000y\000e\000r}{section.1.3}% 23
\BOOKMARK [3][-]{subsubsection.1.3.2.1}{\376\377\000P\000a\000r\000a\000m\000e\000t\000e\000r\000s}{subsection.1.3.2}% 24
\BOOKMARK [3][-]{subsubsection.1.3.2.2}{\376\377\000N\000o\000t\000e\000s}{subsection.1.3.2}% 25
\BOOKMARK [2][-]{subsection.1.3.3}{\376\377\000E\000x\000t\000e\000n\000d\000i\000n\000g\000\040\000Q\000K\000D\000\040\000t\000o\000\040\000o\000b\000l\000i\000v\000i\000o\000u\000s\000\040\000k\000e\000y\000s}{section.1.3}% 26
\BOOKMARK [2][-]{subsection.1.3.4}{\376\377\000U\000s\000e\000\040\000C\000a\000s\000e\000\040\000E\000x\000a\000m\000p\000l\000e\000s}{section.1.3}% 27
\BOOKMARK [3][-]{subsubsection.1.3.4.1}{\376\377\000Q\000K\000D\000\040\000w\000i\000t\000h\000\040\000u\000n\000d\000e\000f\000i\000n\000e\000d\000\040\000k\000e\000y\000\137\000h\000a\000n\000d\000l\000e}{subsection.1.3.4}% 28
\BOOKMARK [2][-]{subsection.1.3.5}{\376\377\000B\000l\000o\000c\000k\000\040\000D\000i\000a\000g\000r\000a\000m}{section.1.3}% 29
\BOOKMARK [2][-]{subsection.1.3.6}{\376\377\000M\000a\000d\000r\000i\000d\000\040\000E\000x\000a\000m\000p\000l\000e}{section.1.3}% 30
\BOOKMARK [2][-]{subsection.1.3.7}{\376\377\000S\000o\000c\000k\000e\000t\000\040\000D\000e\000s\000c\000r\000i\000p\000t\000i\000o\000n}{section.1.3}% 31
\BOOKMARK [3][-]{subsubsection.1.3.7.1}{\376\377\000S\000e\000t\000t\000i\000n\000g\000\040\000u\000p\000\040\000t\000h\000e\000\040\000v\000i\000r\000t\000u\000a\000l\000\040\000e\000n\000v\000i\000r\000o\000n\000m\000e\000n\000t\000\040\000a\000n\000d\000\040\000d\000e\000p\000e\000n\000d\000e\000n\000c\000i\000e\000s}{subsection.1.3.7}% 32
\BOOKMARK [2][-]{subsection.1.3.8}{\376\377\000R\000u\000n\000n\000i\000n\000g\000\040\000t\000h\000e\000\040\000e\000x\000a\000m\000p\000l\000e}{section.1.3}% 33
\BOOKMARK [2][-]{subsection.1.3.9}{\376\377\000R\000u\000n\000n\000i\000n\000g\000\040\000o\000n\000l\000y\000\040\000t\000w\000o\000\040\000L\000K\000M\000S}{section.1.3}% 34
\BOOKMARK [2][-]{subsection.1.3.10}{\376\377\000U\000s\000i\000n\000g\000\040\000t\000h\000e\000\040\000A\000p\000p\000l\000i\000c\000a\000t\000i\000o\000n\000\040\000d\000r\000i\000v\000e\000r}{section.1.3}% 35
\BOOKMARK [2][-]{subsection.1.3.11}{\376\377\000R\000u\000n\000n\000i\000n\000g\000\040\000A\000l\000i\000c\000e\000,\000\040\000B\000o\000b\000\040\000a\000n\000d\000\040\000C\000h\000a\000r\000l\000i\000e\000\040\000s\000y\000m\000m\000e\000t\000r\000i\000c\000\040\000k\000e\000y\000\040\000d\000i\000s\000t\000r\000i\000b\000u\000t\000i\000o\000n}{section.1.3}% 36
\BOOKMARK [2][-]{subsection.1.3.12}{\376\377\000R\000a\000w\000\040\000K\000e\000y\000\040\000D\000i\000s\000t\000r\000i\000b\000u\000t\000i\000o\000n}{section.1.3}% 37
\BOOKMARK [2][-]{subsection.1.3.13}{\376\377\000D\000e\000v\000e\000l\000o\000p\000m\000e\000n\000t\000\040\000p\000l\000a\000n}{section.1.3}% 38
\BOOKMARK [2][-]{subsection.1.3.14}{\376\377\000M\000a\000d\000r\000i\000d\000\040\000c\000p\000p\000\040\0000\0000\0004\000\040\000e\000x\000a\000m\000p\000l\000e}{section.1.3}% 39
\BOOKMARK [3][-]{subsubsection.1.3.14.1}{\376\377\000I\000n\000t\000r\000o\000d\000u\000c\000t\000i\000o\000n}{subsection.1.3.14}% 40
\BOOKMARK [3][-]{subsubsection.1.3.14.2}{\376\377\000E\000x\000a\000m\000p\000l\000e}{subsection.1.3.14}% 41
\BOOKMARK [2][-]{subsection.1.3.15}{\376\377\000R\000e\000q\000u\000e\000s\000t\000i\000n\000g\000\040\000k\000e\000y\000s}{section.1.3}% 42
\BOOKMARK [2][-]{subsection.1.3.16}{\376\377\000C\000h\000a\000n\000g\000i\000n\000g\000\040\000r\000a\000w\000\040\000b\000i\000t\000\040\000e\000r\000r\000o\000r\000\040\000r\000a\000t\000e}{section.1.3}% 43
\BOOKMARK [2][-]{subsection.1.3.17}{\376\377\000H\000o\000w\000\040\000t\000o\000\040\000g\000e\000t\000\040\000Q\000K\000D\000,\000\040\000Q\000O\000K\000D\000\040\000a\000n\000d\000\040\000R\000A\000W\000\040\000k\000e\000y\000s}{section.1.3}% 44
\BOOKMARK [2][-]{subsection.1.3.18}{\376\377\000F\000u\000r\000t\000h\000e\000r\000\040\000D\000i\000s\000c\000u\000s\000s\000i\000o\000n}{section.1.3}% 45
\BOOKMARK [2][-]{subsection.1.3.19}{\376\377\000O\000p\000e\000n\000\040\000I\000s\000s\000u\000e\000s}{section.1.3}% 46
\BOOKMARK [2][-]{subsection.1.3.20}{\376\377\000R\000e\000f\000e\000r\000e\000n\000c\000e\000s}{section.1.3}% 47
\BOOKMARK [2][-]{section*.29}{\376\377\000B\000i\000b\000l\000i\000o\000g\000r\000a\000p\000h\000y}{section.1.3}% 48
