2024-06-05 19:57:02,344 - util - INFO qkdserver1- Getting keys from tx_id self
2024-06-05 19:57:02,352 - util - INFO qkdserver1- Returning keys {'1': 'generating'}
2024-06-05 19:57:02,627 - util - INFO qkdserver1- Requesting keys self 1
2024-06-05 19:57:03,657 - util - INFO qkdserver1- Getting keys from tx_id self
2024-06-05 19:57:03,662 - util - INFO qkdserver1- Returning keys {'1': 'generating'}
2024-06-05 19:58:26,516 - util - INFO qkdserver1- Getting keys from tx_id self
2024-06-05 19:58:26,520 - util - INFO qkdserver1- Returning keys {'1': 'generating'}
2024-06-05 19:58:26,545 - util - INFO qkdserver1- Requesting keys self 1
2024-06-05 19:58:27,444 - util - INFO qkdserver1- Getting keys from tx_id self
2024-06-05 19:58:27,449 - util - INFO qkdserver1- Returning keys {'1': 'generating'}
2024-06-05 19:58:27,901 - util - INFO qkdserver1- Requesting keys self 1
2024-06-05 19:58:28,937 - util - INFO qkdserver1- Getting keys from tx_id self
2024-06-05 19:58:28,941 - util - INFO qkdserver1- Returning keys {'1': 'generating'}
2024-06-05 19:59:36,743 - util - INFO qkdserver2- Checking for key file 5 ['sym_tx5.b64', 'sym_tx6.b64', 'sym_tx7.b64']
2024-06-05 19:59:36,745 - util - INFO qkdserver2- Checking file sym_tx5.b64
2024-06-05 19:59:36,745 - util - INFO qkdserver2- Checking file 5
2024-06-05 19:59:36,758 - util - INFO qkdserver1- Checking for key file 5 ['sym_tx5.b64', 'sym_tx6.b64', 'sym_tx7.b64']
2024-06-05 19:59:36,762 - util - INFO qkdserver1- Checking file sym_tx5.b64
2024-06-05 19:59:36,762 - util - INFO qkdserver1- Checking file 5
2024-06-05 19:59:36,787 - util - INFO qkdserver2- Starting QKD Server
2024-06-05 19:59:36,803 - util - INFO qkdserver1- Starting QKD Server
2024-06-05 19:59:36,805 - util - INFO qkdserver2- Connected to database.
2024-06-05 19:59:36,816 - util - INFO qkdserver1- Connected to database.
2024-06-05 19:59:36,821 - util - INFO qkdserver1- Inserting server address into database
2024-06-05 19:59:36,832 - util - INFO qkdserver2- Database initialized.
2024-06-05 19:59:36,848 - util - INFO qkdserver1- Database initialized.
2024-06-05 19:59:40,707 - util - INFO qkdserver1- Getting keys from tx_id self
2024-06-05 19:59:40,713 - util - INFO qkdserver1- Returning keys {'1': 'generating'}
2024-06-05 19:59:41,005 - util - INFO qkdserver1- Requesting keys self 1
2024-06-05 19:59:41,017 - util - INFO qkdserver1- Address found None
2024-06-05 19:59:42,037 - util - INFO qkdserver1- Getting keys from tx_id self
2024-06-05 19:59:42,042 - util - INFO qkdserver1- Returning keys {'1': 'generating'}
2024-06-05 20:00:35,374 - util - INFO qkdserver2- Checking for key file 5 ['sym_tx5.b64', 'sym_tx6.b64', 'sym_tx7.b64']
2024-06-05 20:00:35,376 - util - INFO qkdserver2- Checking file sym_tx5.b64
2024-06-05 20:00:35,377 - util - INFO qkdserver2- Checking file 5
2024-06-05 20:00:35,418 - util - INFO qkdserver2- Starting QKD Server
2024-06-05 20:00:35,435 - util - INFO qkdserver2- Connected to database.
2024-06-05 20:00:35,466 - util - INFO qkdserver2- Database initialized.
2024-06-05 20:00:35,472 - util - INFO qkdserver1- Checking for key file 5 ['sym_tx5.b64', 'sym_tx6.b64', 'sym_tx7.b64']
2024-06-05 20:00:35,475 - util - INFO qkdserver1- Checking file sym_tx5.b64
2024-06-05 20:00:35,475 - util - INFO qkdserver1- Checking file 5
2024-06-05 20:00:35,542 - util - INFO qkdserver1- Starting QKD Server
2024-06-05 20:00:35,564 - util - INFO qkdserver1- Connected to database.
2024-06-05 20:00:35,570 - util - INFO qkdserver1- Inserting server address into database
2024-06-05 20:00:35,599 - util - INFO qkdserver1- Database initialized.
2024-06-05 20:00:38,268 - util - INFO qkdserver1- Getting keys from tx_id self
2024-06-05 20:00:38,274 - util - INFO qkdserver1- Returning keys {'1': 'generating'}
2024-06-05 20:00:38,577 - util - INFO qkdserver1- Requesting keys self 1
2024-06-05 20:00:38,578 - util - INFO qkdserver1- Address found qkdserver1
2024-06-05 20:00:38,579 - util - INFO qkdserver1- Address found qkdserver1
2024-06-05 20:00:38,602 - util - INFO qkdserver1- Trying key file sym_tx5.b64 qkdserver1
2024-06-05 20:03:16,270 - util - INFO qkdserver2- Checking for key file 5 ['sym_tx5.b64', 'sym_tx6.b64', 'sym_tx7.b64']
2024-06-05 20:03:16,272 - util - INFO qkdserver1- Checking for key file 5 ['sym_tx5.b64', 'sym_tx6.b64', 'sym_tx7.b64']
2024-06-05 20:03:16,272 - util - INFO qkdserver2- Checking file sym_tx5.b64
2024-06-05 20:03:16,272 - util - INFO qkdserver2- Checking file 5
2024-06-05 20:03:16,273 - util - INFO qkdserver1- Checking file sym_tx5.b64
2024-06-05 20:03:16,273 - util - INFO qkdserver1- Checking file 5
2024-06-05 20:03:16,304 - util - INFO qkdserver2- Starting QKD Server
2024-06-05 20:03:16,304 - util - INFO qkdserver1- Starting QKD Server
2024-06-05 20:03:16,319 - util - INFO qkdserver2- Connected to database.
2024-06-05 20:03:16,320 - util - INFO qkdserver1- Connected to database.
2024-06-05 20:03:16,323 - util - INFO qkdserver1- Inserting server address into database
2024-06-05 20:03:16,348 - util - INFO qkdserver2- Database initialized.
2024-06-05 20:03:16,351 - util - INFO qkdserver1- Database initialized.
2024-06-05 20:04:14,420 - util - INFO qkdserver1- Getting keys from tx_id self
2024-06-05 20:04:14,423 - util - INFO qkdserver1- Returning keys {'1': 'generating'}
2024-06-05 20:04:14,724 - util - INFO qkdserver1- Requesting keys self 1
2024-06-05 20:04:14,726 - util - INFO qkdserver1- Address found http://qkdserver1:5000
2024-06-05 20:04:14,726 - util - INFO qkdserver1- Address found http://qkdserver1:5000
2024-06-05 20:04:15,792 - util - INFO qkdserver1- Getting keys from tx_id self
2024-06-05 20:04:15,798 - util - INFO qkdserver1- Returning keys {'1': 'B0MbweksuhRWK76ciIoIW0ScYOWiv6uC'}
2024-06-05 22:00:08,536 - util - INFO qkdserver2- Checking for key file 5 ['sym_tx5.b64', 'sym_tx6.b64', 'sym_tx7.b64']
2024-06-05 22:00:08,537 - util - INFO qkdserver1- Checking for key file 5 ['sym_tx5.b64', 'sym_tx6.b64', 'sym_tx7.b64']
2024-06-05 22:00:08,538 - util - INFO qkdserver2- Checking file sym_tx5.b64
2024-06-05 22:00:08,538 - util - INFO qkdserver2- Checking file 5
2024-06-05 22:00:08,538 - util - INFO qkdserver1- Checking file sym_tx5.b64
2024-06-05 22:00:08,538 - util - INFO qkdserver1- Checking file 5
2024-06-05 22:00:08,605 - util - INFO qkdserver1- Starting QKD Server
2024-06-05 22:00:08,605 - util - INFO qkdserver2- Starting QKD Server
2024-06-05 22:00:08,640 - util - INFO qkdserver2- Connected to database.
2024-06-05 22:00:08,640 - util - INFO qkdserver1- Connected to database.
2024-06-05 22:00:08,657 - util - INFO qkdserver1- Inserting server address into database
2024-06-05 22:00:08,684 - util - INFO qkdserver2- Database initialized.
2024-06-05 22:00:08,696 - util - INFO qkdserver1- Database initialized.
2024-06-05 22:02:59,548 - util - INFO qkdserver1- Getting keys from tx_id self
2024-06-05 22:02:59,555 - util - INFO qkdserver1- Returning keys {'1': 'B0MbweksuhRWK76ciIoIW0ScYOWiv6uC'}
2024-06-05 22:02:59,737 - util - INFO qkdserver1- Requesting keys self 1
2024-06-05 22:02:59,743 - util - INFO qkdserver1- Address found http://qkdserver1:5000
2024-06-05 22:02:59,744 - util - INFO qkdserver1- Address found http://qkdserver1:5000
2024-06-05 22:03:00,890 - util - INFO qkdserver1- Getting keys from tx_id self
2024-06-05 22:03:00,893 - util - INFO qkdserver1- Returning keys {'1': '38vT8RegD0FgRiZLhAvTqOZt6UCyJXDk'}
2024-06-05 22:04:51,515 - util - INFO qkdserver2- Registering new user
2024-06-05 22:09:45,673 - util - INFO qkdserver1- Checking for key file 5 ['sym_tx5.b64', 'sym_tx6.b64', 'sym_tx7.b64']
2024-06-05 22:09:45,673 - util - INFO qkdserver2- Checking for key file 5 ['sym_tx5.b64', 'sym_tx6.b64', 'sym_tx7.b64']
2024-06-05 22:09:45,674 - util - INFO qkdserver1- Checking file sym_tx5.b64
2024-06-05 22:09:45,674 - util - INFO qkdserver2- Checking file sym_tx5.b64
2024-06-05 22:09:45,675 - util - INFO qkdserver2- Checking file 5
2024-06-05 22:09:45,675 - util - INFO qkdserver1- Checking file 5
2024-06-05 22:09:45,708 - util - INFO qkdserver2- Starting QKD Server
2024-06-05 22:09:45,708 - util - INFO qkdserver1- Starting QKD Server
2024-06-05 22:09:45,729 - util - INFO qkdserver1- Connected to database.
2024-06-05 22:09:45,729 - util - INFO qkdserver2- Connected to database.
2024-06-05 22:09:45,734 - util - INFO qkdserver1- Inserting server address into database
2024-06-05 22:09:45,755 - util - INFO qkdserver2- Database initialized.
2024-06-05 22:09:45,758 - util - INFO qkdserver1- Database initialized.
2024-06-05 22:09:46,274 - util - INFO qkdserver2- Registering new user
2024-06-05 22:09:55,530 - util - INFO qkdserver2- Registering new user
2024-06-05 22:10:12,544 - util - INFO qkdserver2- Registering new user
2024-06-05 22:11:33,284 - util - INFO qkdserver2- Checking for key file 5 ['sym_tx5.b64', 'sym_tx6.b64', 'sym_tx7.b64']
2024-06-05 22:11:33,286 - util - INFO qkdserver2- Checking file sym_tx5.b64
2024-06-05 22:11:33,286 - util - INFO qkdserver2- Checking file 5
2024-06-05 22:11:33,320 - util - INFO qkdserver2- Starting QKD Server
2024-06-05 22:11:33,336 - util - INFO qkdserver2- Connected to database.
2024-06-05 22:11:33,363 - util - INFO qkdserver2- Database initialized.
2024-06-05 22:11:33,521 - util - INFO qkdserver1- Checking for key file 5 ['sym_tx5.b64', 'sym_tx6.b64', 'sym_tx7.b64']
2024-06-05 22:11:33,523 - util - INFO qkdserver1- Checking file sym_tx5.b64
2024-06-05 22:11:33,523 - util - INFO qkdserver1- Checking file 5
2024-06-05 22:11:33,552 - util - INFO qkdserver1- Starting QKD Server
2024-06-05 22:11:33,565 - util - INFO qkdserver1- Connected to database.
2024-06-05 22:11:33,567 - util - INFO qkdserver1- Inserting server address into database
2024-06-05 22:11:33,592 - util - INFO qkdserver1- Database initialized.
2024-06-05 22:11:34,403 - util - INFO qkdserver2- Registering new user
2024-06-05 22:11:34,426 - util - INFO qkdserver2- New user registered 3 http://qkdserver2:5001 Yiuf8XyQnVTkkqkMuJEJnn9ojrLUrEkF
2024-06-05 22:12:03,538 - util - INFO qkdserver2- Getting keys from tx_id 3
2024-06-05 22:12:03,542 - util - INFO qkdserver2- Returning keys {}
2024-06-05 22:12:03,636 - util - INFO qkdserver2- Requesting keys 3 1
2024-06-05 22:12:03,639 - util - INFO qkdserver2- Address found http://qkdserver1:5000
2024-06-05 22:12:03,639 - util - INFO qkdserver2- Address found http://qkdserver1:5000
2024-06-05 22:12:03,662 - util - INFO qkdserver2- Trying key file sym_tx5.b64 http://qkdserver1:5000
2024-06-05 22:12:03,676 - util - INFO qkdserver1- Recon message received
2024-06-05 22:12:03,677 - util - INFO qkdserver1- Recon message received 3 1 5
2024-06-05 22:12:03,679 - util - INFO qkdserver1- Checking for key file 5 ['sym_tx5.b64', 'sym_tx6.b64', 'sym_tx7.b64']
2024-06-05 22:12:03,681 - util - INFO qkdserver1- Checking file sym_tx5.b64
2024-06-05 22:12:03,681 - util - INFO qkdserver1- Checking file 5
2024-06-05 22:12:03,681 - util - INFO qkdserver1- Key file exists True sym_tx5.b64
2024-06-05 22:12:03,706 - util - INFO qkdserver1- Key stored 1 3 key5key5key5key5
2024-06-05 22:12:03,708 - util - INFO qkdserver2- Response from http://qkdserver1:5000: 200 {"status":"Success"}
2024-06-05 22:12:03,708 - util - INFO qkdserver2- Key established
2024-06-05 22:12:03,728 - util - INFO qkdserver2- Key stored 3 1 key5key5key5key5
